{"uuid":"c8118bef-2ed7-444a-b195-59b3ffbc503e","historyId":"ea9465240af5c32d97c53e528a2f1878","testCaseId":"7610179cd78551388021ef53a50c4c98","fullName":"src/test/java/features/AddToCart.feature:3","labels":[{"name":"host","value":"DESKTOP-DUDKMRL"},{"name":"thread","value":"21844@DESKTOP-DUDKMRL.main(1)"},{"name":"feature","value":"user can add items to the cart"},{"name":"story","value":"user can add items to the cart"},{"name":"suite","value":"user can add items to the cart"},{"name":"testClass","value":"user can add items to the cart"},{"name":"framework","value":"cucumber4jvm"},{"name":"language","value":"java"},{"name":"gherkin_uri","value":"file:///C:/Users/user/IdeaProjects/InterviewTask-part%202-3/src/test/java/features/AddToCart.feature"},{"name":"package","value":"src.test.java.features.AddToCart_feature.user can add items to the cart"}],"links":[],"name":"user can add items to the cart","status":"failed","statusDetails":{"known":false,"muted":false,"flaky":false,"message":"The following asserts failed:\n\texpected [true] but found [false]","trace":"java.lang.AssertionError: The following asserts failed:\n\texpected [true] but found [false]\r\n\tat org.testng.asserts.SoftAssert.assertAll(SoftAssert.java:46)\r\n\tat org.testng.asserts.SoftAssert.assertAll(SoftAssert.java:30)\r\n\tat stepdefinitions.SD_AddToCart.userWillFindAllThreeItemsHeAddedInHisCart(SD_AddToCart.java:72)\r\n\tat ✽.user will find all three items he added in his cart(file:///C:/Users/user/IdeaProjects/InterviewTask-part%202-3/src/test/java/features/AddToCart.feature:13)\r\n"},"stage":"finished","steps":[{"name":"Given user go to eshop home page","status":"passed","statusDetails":{"known":false,"muted":false,"flaky":false},"stage":"finished","steps":[],"attachments":[],"parameters":[],"start":1713005240837,"stop":1713005240852},{"name":"When user login to his account","status":"passed","statusDetails":{"known":false,"muted":false,"flaky":false},"stage":"finished","steps":[],"attachments":[],"parameters":[],"start":1713005240853,"stop":1713005245160},{"name":"And user add first item from homepage to the cart","status":"passed","statusDetails":{"known":false,"muted":false,"flaky":false},"stage":"finished","steps":[],"attachments":[],"parameters":[],"start":1713005245160,"stop":1713005251447},{"name":"And navigate to the home page","status":"passed","statusDetails":{"known":false,"muted":false,"flaky":false},"stage":"finished","steps":[],"attachments":[],"parameters":[],"start":1713005251447,"stop":1713005251459},{"name":"And user add second item from homepage to the cart","status":"passed","statusDetails":{"known":false,"muted":false,"flaky":false},"stage":"finished","steps":[],"attachments":[],"parameters":[],"start":1713005251459,"stop":1713005254151},{"name":"And navigate to the home page","status":"passed","statusDetails":{"known":false,"muted":false,"flaky":false},"stage":"finished","steps":[],"attachments":[],"parameters":[],"start":1713005254151,"stop":1713005254159},{"name":"And user search for a Third item","status":"passed","statusDetails":{"known":false,"muted":false,"flaky":false},"stage":"finished","steps":[],"attachments":[],"parameters":[],"start":1713005254159,"stop":1713005254649},{"name":"And add it to the cart","status":"passed","statusDetails":{"known":false,"muted":false,"flaky":false},"stage":"finished","steps":[],"attachments":[],"parameters":[],"start":1713005254649,"stop":1713005269629},{"name":"And go to his cart","status":"passed","statusDetails":{"known":false,"muted":false,"flaky":false},"stage":"finished","steps":[],"attachments":[],"parameters":[],"start":1713005269629,"stop":1713005269672},{"name":"Then user will find all three items he added in his cart","status":"failed","statusDetails":{"known":false,"muted":false,"flaky":false,"message":"The following asserts failed:\n\texpected [true] but found [false]","trace":"java.lang.AssertionError: The following asserts failed:\n\texpected [true] but found [false]\r\n\tat org.testng.asserts.SoftAssert.assertAll(SoftAssert.java:46)\r\n\tat org.testng.asserts.SoftAssert.assertAll(SoftAssert.java:30)\r\n\tat stepdefinitions.SD_AddToCart.userWillFindAllThreeItemsHeAddedInHisCart(SD_AddToCart.java:72)\r\n\tat ✽.user will find all three items he added in his cart(file:///C:/Users/user/IdeaProjects/InterviewTask-part%202-3/src/test/java/features/AddToCart.feature:13)\r\n"},"stage":"finished","steps":[],"attachments":[],"parameters":[],"start":1713005269672,"stop":1713005279913}],"attachments":[],"parameters":[],"start":1713005214570,"stop":1713005279945}